\BOOKMARK [0][-]{chapter.1}{Introduction}{}% 1
\BOOKMARK [1][-]{section.1.1}{Zielsetzung und Gliederung}{chapter.1}% 2
\BOOKMARK [1][-]{section.1.2}{Geschichte/Literatur}{chapter.1}% 3
\BOOKMARK [0][-]{chapter.2}{Preliminary Design}{}% 4
\BOOKMARK [1][-]{section.2.1}{Wert und Einheit}{chapter.2}% 5
\BOOKMARK [1][-]{section.2.2}{\334berschrift}{chapter.2}% 6
\BOOKMARK [1][-]{section.2.3}{Including Pictures}{chapter.2}% 7
\BOOKMARK [0][-]{chapter.3}{FEM-Simulation}{}% 8
\BOOKMARK [1][-]{section.3.1}{Wert und Einheit}{chapter.3}% 9
\BOOKMARK [1][-]{section.3.2}{\334berschrift}{chapter.3}% 10
\BOOKMARK [1][-]{section.3.3}{Abbildungen einbinden}{chapter.3}% 11
\BOOKMARK [0][-]{chapter.4}{Etching Process}{}% 12
\BOOKMARK [1][-]{section.4.1}{Wert und Einheit}{chapter.4}% 13
\BOOKMARK [1][-]{section.4.2}{\334berschrift}{chapter.4}% 14
\BOOKMARK [1][-]{section.4.3}{Abbildungen einbinden}{chapter.4}% 15
\BOOKMARK [0][-]{chapter.5}{Characterising}{}% 16
\BOOKMARK [1][-]{section.5.1}{Wert und Einheit}{chapter.5}% 17
\BOOKMARK [1][-]{section.5.2}{\334berschrift}{chapter.5}% 18
\BOOKMARK [1][-]{section.5.3}{Abbildungen einbinden}{chapter.5}% 19
\BOOKMARK [0][-]{chapter.6}{Circuit Layout}{}% 20
\BOOKMARK [1][-]{section.6.1}{Wert und Einheit}{chapter.6}% 21
\BOOKMARK [1][-]{section.6.2}{\334berschrift}{chapter.6}% 22
\BOOKMARK [1][-]{section.6.3}{Abbildungen einbinden}{chapter.6}% 23
\BOOKMARK [0][-]{chapter.7}{Evaluation Circuit}{}% 24
\BOOKMARK [1][-]{section.7.1}{Wert und Einheit}{chapter.7}% 25
\BOOKMARK [1][-]{section.7.2}{\334berschrift}{chapter.7}% 26
\BOOKMARK [1][-]{section.7.3}{including pictures}{chapter.7}% 27
\BOOKMARK [0][-]{chapter.8}{Zusammenfassung und Ausblick}{}% 28
\BOOKMARK [0][-]{chapter*.2}{Literaturverzeichnis}{}% 29
\BOOKMARK [0][-]{chapter*.3}{appendix}{}% 30
\BOOKMARK [1][-]{section.A.1}{Erster Anhang}{chapter*.3}% 31
\BOOKMARK [1][-]{section.A.2}{Zweiter Anhang}{chapter*.3}% 32
